<?xml version="1.0" encoding="UTF-8"?>
<!-- Generated by org.testng.reporters.JUnitXMLReporter -->
<testsuite ignored="0" hostname="PMLMB4001231" failures="0" tests="9" name="Surefire test" time="14.437" errors="0" timestamp="2025-08-20T23:17:05 IST">
  <testcase classname="tests.ValidTransactionTest" name="generateApiKey" time="2.055"/>
  <testcase classname="tests.ValidTransactionTest" name="createFromAccount" time="1.33"/>
  <testcase classname="tests.ValidTransactionTest" name="createToAccount" time="1.378"/>
  <testcase classname="tests.ValidTransactionTest" name="createTransaction" time="1.322"/>
  <testcase classname="tests.ValidTransactionTest" name="validateBalances" time="2.845"/>
  <testcase classname="tests.InvalidTransactionTest" name="generateApiKey" time="1.234"/>
  <testcase classname="tests.InvalidTransactionTest" name="createFromAccountWithZeroBalance" time="1.309"/>
  <testcase classname="tests.InvalidTransactionTest" name="createToAccount" time="1.326"/>
  <testcase classname="tests.InvalidTransactionTest" name="attemptInvalidTransaction" time="1.437"/>
</testsuite> <!-- Surefire test -->
