<?xml version="1.0" encoding="UTF-8"?>
<testsuite xmlns:xsi="http://www.w3.org/2001/XMLSchema-instance" xsi:noNamespaceSchemaLocation="https://maven.apache.org/surefire/maven-surefire-plugin/xsd/surefire-test-report-3.0.xsd" version="3.0" name="TestSuite" time="14.695" tests="9" errors="0" skipped="0" failures="0">
  <properties>
[...]
</properties>
  <testcase name="generateApiKey" classname="tests.ValidTransactionTest" time="2.056">
    <system-err><![CDATA[SLF4J: Failed to load class "org.slf4j.impl.StaticLoggerBinder".
SLF4J: Defaulting to no-operation (NOP) logger implementation
SLF4J: See http://www.slf4j.org/codes.html#StaticLoggerBinder for further details.
]]></system-err>
  </testcase>
  <testcase name="createFromAccount" classname="tests.ValidTransactionTest" time="1.331"/>
  <testcase name="createToAccount" classname="tests.ValidTransactionTest" time="1.377"/>
  <testcase name="createTransaction" classname="tests.ValidTransactionTest" time="1.322"/>
  <testcase name="validateBalances" classname="tests.ValidTransactionTest" time="2.845"/>
  <testcase name="generateApiKey" classname="tests.InvalidTransactionTest" time="1.235"/>
  <testcase name="createFromAccountWithZeroBalance" classname="tests.InvalidTransactionTest" time="1.31"/>
  <testcase name="createToAccount" classname="tests.InvalidTransactionTest" time="1.327"/>
  <testcase name="attemptInvalidTransaction" classname="tests.InvalidTransactionTest" time="1.439">
    <system-out><![CDATA[Response body: {"name":"invalidBody","message":"Insufficient balance in fromAccountId to initiate the transaction."}
]]></system-out>
  </testcase>
</testsuite>