<?xml version="1.0" encoding="UTF-8"?>
<testng-results ignored="0" total="9" passed="9" failed="0" skipped="0">
  <reporter-output>
  </reporter-output>
  <suite started-at="2025-08-20T23:16:51 IST" name="Surefire suite" finished-at="2025-08-20T23:17:05 IST" duration-ms="14437">
    <groups>
    </groups>
    <test started-at="2025-08-20T23:16:51 IST" name="Surefire test" finished-at="2025-08-20T23:17:05 IST" duration-ms="14437">
      <class name="tests.InvalidTransactionTest">
        <test-method signature="generateApiKey()[pri:1, instance:tests.InvalidTransactionTest@2b4a2ec7]" started-at="2025-08-20T23:17:00 IST" name="generateApiKey" finished-at="2025-08-20T23:17:01 IST" duration-ms="1234" status="PASS">
          <reporter-output>
          </reporter-output>
        </test-method> <!-- generateApiKey -->
        <test-method is-config="true" signature="setup()[pri:0, instance:tests.InvalidTransactionTest@2b4a2ec7]" started-at="2025-08-20T23:17:00 IST" name="setup" finished-at="2025-08-20T23:17:00 IST" duration-ms="0" status="PASS">
          <reporter-output>
          </reporter-output>
        </test-method> <!-- setup -->
        <test-method signature="createFromAccountWithZeroBalance()[pri:2, instance:tests.InvalidTransactionTest@2b4a2ec7]" started-at="2025-08-20T23:17:01 IST" name="createFromAccountWithZeroBalance" finished-at="2025-08-20T23:17:02 IST" duration-ms="1309" status="PASS">
          <reporter-output>
          </reporter-output>
        </test-method> <!-- createFromAccountWithZeroBalance -->
        <test-method signature="createToAccount()[pri:3, instance:tests.InvalidTransactionTest@2b4a2ec7]" started-at="2025-08-20T23:17:02 IST" name="createToAccount" finished-at="2025-08-20T23:17:04 IST" duration-ms="1326" status="PASS">
          <reporter-output>
          </reporter-output>
        </test-method> <!-- createToAccount -->
        <test-method signature="attemptInvalidTransaction()[pri:4, instance:tests.InvalidTransactionTest@2b4a2ec7]" started-at="2025-08-20T23:17:04 IST" name="attemptInvalidTransaction" finished-at="2025-08-20T23:17:05 IST" duration-ms="1437" status="PASS">
          <reporter-output>
          </reporter-output>
        </test-method> <!-- attemptInvalidTransaction -->
      </class> <!-- tests.InvalidTransactionTest -->
      <class name="tests.ValidTransactionTest">
        <test-method is-config="true" signature="setup()[pri:0, instance:tests.ValidTransactionTest@3b2c72c2]" started-at="2025-08-20T23:16:51 IST" name="setup" finished-at="2025-08-20T23:16:51 IST" duration-ms="178" status="PASS">
          <reporter-output>
          </reporter-output>
        </test-method> <!-- setup -->
        <test-method signature="generateApiKey()[pri:1, instance:tests.ValidTransactionTest@3b2c72c2]" started-at="2025-08-20T23:16:51 IST" name="generateApiKey" finished-at="2025-08-20T23:16:53 IST" duration-ms="2055" status="PASS">
          <reporter-output>
          </reporter-output>
        </test-method> <!-- generateApiKey -->
        <test-method signature="createFromAccount()[pri:2, instance:tests.ValidTransactionTest@3b2c72c2]" started-at="2025-08-20T23:16:53 IST" name="createFromAccount" finished-at="2025-08-20T23:16:54 IST" duration-ms="1330" status="PASS">
          <reporter-output>
          </reporter-output>
        </test-method> <!-- createFromAccount -->
        <test-method signature="createToAccount()[pri:3, instance:tests.ValidTransactionTest@3b2c72c2]" started-at="2025-08-20T23:16:54 IST" name="createToAccount" finished-at="2025-08-20T23:16:55 IST" duration-ms="1378" status="PASS">
          <reporter-output>
          </reporter-output>
        </test-method> <!-- createToAccount -->
        <test-method signature="createTransaction()[pri:4, instance:tests.ValidTransactionTest@3b2c72c2]" started-at="2025-08-20T23:16:55 IST" name="createTransaction" finished-at="2025-08-20T23:16:57 IST" duration-ms="1322" status="PASS">
          <reporter-output>
          </reporter-output>
        </test-method> <!-- createTransaction -->
        <test-method signature="validateBalances()[pri:5, instance:tests.ValidTransactionTest@3b2c72c2]" started-at="2025-08-20T23:16:57 IST" name="validateBalances" finished-at="2025-08-20T23:17:00 IST" duration-ms="2845" status="PASS">
          <reporter-output>
          </reporter-output>
        </test-method> <!-- validateBalances -->
      </class> <!-- tests.ValidTransactionTest -->
    </test> <!-- Surefire test -->
  </suite> <!-- Surefire suite -->
</testng-results>
